<?xml version="1.0" encoding="UTF-8"?>
<!-- Generated by org.testng.reporters.JUnitReportReporter -->
<testsuite skipped="0" hostname="DESKTOP-O75K0Q2" name="com.org.learningMaven.basicMaven.callingMethod" tests="1" failures="0" timestamp="20 Dec 2018 09:40:05 GMT" time="0.005" errors="0">
  <testcase name="callanother" time="0.005" classname="com.org.learningMaven.basicMaven.callingMethod"/>
</testsuite> <!-- com.org.learningMaven.basicMaven.callingMethod -->
