<?xml version="1.0" encoding="UTF-8"?>
<!-- Generated by org.testng.reporters.JUnitReportReporter -->
<testsuite skipped="0" hostname="DESKTOP-O75K0Q2" name="com.org.learningMaven.basicMaven.DemoClass2" tests="4" failures="0" timestamp="18 Dec 2018 07:44:52 GMT" time="0.026" errors="0">
  <testcase name="sum" time="0.005" classname="com.org.learningMaven.basicMaven.DemoClass2"/>
  <testcase name="mul" time="0.001" classname="com.org.learningMaven.basicMaven.DemoClass2"/>
  <testcase name="sub" time="0.006" classname="com.org.learningMaven.basicMaven.DemoClass2"/>
  <testcase name="div" time="0.014" classname="com.org.learningMaven.basicMaven.DemoClass2"/>
</testsuite> <!-- com.org.learningMaven.basicMaven.DemoClass2 -->
